<?xml version="1.0" encoding="UTF-8"?>
<!-- Generated by org.testng.reporters.JUnitXMLReporter -->
<testsuite hostname="Aynagozels-Air" ignored="4" name="Regression Test" tests="3" failures="0" timestamp="2020-03-31T18:15:42 CDT" time="41.25" errors="0">
  <testcase name="leaveLabelvalidation" time="5.261" classname="com.hrms.testcases.LeaveListPageTest"/>
  <testcase name="addMultipleEmpoyee" time="8.227" classname="com.hrms.testcases.AddEmployeePageTest"/>
  <testcase name="addMultipleEmpoyee" time="8.977" classname="com.hrms.testcases.AddEmployeePageTest"/>
  <testcase name="@AfterTest writeReport" time="0.0" classname="com.hrms.testbase.BaseClass">
    <ignored/>
  </testcase> <!-- @AfterTest writeReport -->
  <testcase name="@AfterTest writeReport" time="0.0" classname="com.hrms.testbase.BaseClass">
    <ignored/>
  </testcase> <!-- @AfterTest writeReport -->
  <testcase name="@BeforeTest generateReports" time="0.0" classname="com.hrms.testbase.BaseClass">
    <ignored/>
  </testcase> <!-- @BeforeTest generateReports -->
  <testcase name="@BeforeTest generateReports" time="0.0" classname="com.hrms.testbase.BaseClass">
    <ignored/>
  </testcase> <!-- @BeforeTest generateReports -->
</testsuite> <!-- Regression Test -->
